  [1m[35m (0.4ms)[0m  [1m[34mSELECT sqlite_version(*)[0m
  ↳ bin/rails:4
  [1m[35m (176.4ms)[0m  [1m[35mCREATE TABLE "schema_migrations" ("version" varchar NOT NULL PRIMARY KEY)[0m
  ↳ bin/rails:4
  [1m[35m (165.6ms)[0m  [1m[35mCREATE TABLE "ar_internal_metadata" ("key" varchar NOT NULL PRIMARY KEY, "value" varchar, "created_at" datetime NOT NULL, "updated_at" datetime NOT NULL)[0m
  ↳ bin/rails:4
  [1m[35m (1.0ms)[0m  [1m[34mSELECT "schema_migrations"."version" FROM "schema_migrations" ORDER BY "schema_migrations"."version" ASC[0m
  ↳ bin/rails:4
Migrating to CreatePersonals (20190130213939)
  [1m[35m (0.2ms)[0m  [1m[36mbegin transaction[0m
  ↳ bin/rails:4
  [1m[35m (4.9ms)[0m  [1m[35mCREATE TABLE "personals" ("id" integer PRIMARY KEY AUTOINCREMENT NOT NULL, "firstname" varchar, "lastname" varchar, "created_at" datetime NOT NULL, "updated_at" datetime NOT NULL)[0m
  ↳ db/migrate/20190130213939_create_personals.rb:3
  [1m[36mActiveRecord::SchemaMigration Create (1.2ms)[0m  [1m[32mINSERT INTO "schema_migrations" ("version") VALUES (?)[0m  [["version", "20190130213939"]]
  ↳ bin/rails:4
  [1m[35m (163.2ms)[0m  [1m[36mcommit transaction[0m
  ↳ bin/rails:4
Migrating to CreateTuratsinzes (20190130214159)
  [1m[35m (0.2ms)[0m  [1m[36mbegin transaction[0m
  ↳ bin/rails:4
  [1m[35m (3.2ms)[0m  [1m[35mCREATE TABLE "turatsinzes" ("id" integer PRIMARY KEY AUTOINCREMENT NOT NULL, "firstname" varchar, "lastname" varchar, "created_at" datetime NOT NULL, "updated_at" datetime NOT NULL)[0m
  ↳ db/migrate/20190130214159_create_turatsinzes.rb:3
  [1m[36mActiveRecord::SchemaMigration Create (1.7ms)[0m  [1m[32mINSERT INTO "schema_migrations" ("version") VALUES (?)[0m  [["version", "20190130214159"]]
  ↳ bin/rails:4
  [1m[35m (163.9ms)[0m  [1m[36mcommit transaction[0m
  ↳ bin/rails:4
  [1m[36mActiveRecord::InternalMetadata Load (0.9ms)[0m  [1m[34mSELECT  "ar_internal_metadata".* FROM "ar_internal_metadata" WHERE "ar_internal_metadata"."key" = ? LIMIT ?[0m  [["key", "environment"], ["LIMIT", 1]]
  ↳ bin/rails:4
  [1m[35m (0.2ms)[0m  [1m[36mbegin transaction[0m
  ↳ bin/rails:4
  [1m[36mActiveRecord::InternalMetadata Create (5.1ms)[0m  [1m[32mINSERT INTO "ar_internal_metadata" ("key", "value", "created_at", "updated_at") VALUES (?, ?, ?, ?)[0m  [["key", "environment"], ["value", "development"], ["created_at", "2019-01-30 21:43:00.338820"], ["updated_at", "2019-01-30 21:43:00.338820"]]
  ↳ bin/rails:4
  [1m[35m (159.3ms)[0m  [1m[36mcommit transaction[0m
  ↳ bin/rails:4
  [1m[35m (1.2ms)[0m  [1m[34mSELECT "schema_migrations"."version" FROM "schema_migrations" ORDER BY "schema_migrations"."version" ASC[0m
  ↳ bin/rails:4
Started GET "/" for 127.0.0.1 at 2019-01-30 13:44:04 -0800
  [1m[35m (1.7ms)[0m  [1m[34mSELECT "schema_migrations"."version" FROM "schema_migrations" ORDER BY "schema_migrations"."version" ASC[0m
  ↳ C:/Ruby24-x64/lib/ruby/gems/2.4.0/gems/activerecord-5.2.2/lib/active_record/log_subscriber.rb:98
Processing by Rails::WelcomeController#index as HTML
  Rendering C:/Ruby24-x64/lib/ruby/gems/2.4.0/gems/railties-5.2.2/lib/rails/templates/rails/welcome/index.html.erb
  Rendered C:/Ruby24-x64/lib/ruby/gems/2.4.0/gems/railties-5.2.2/lib/rails/templates/rails/welcome/index.html.erb (12.6ms)
Completed 200 OK in 307ms (Views: 157.4ms | ActiveRecord: 0.0ms)


Started GET "/turatsinzes" for 127.0.0.1 at 2019-01-30 13:44:41 -0800
Processing by TuratsinzesController#index as HTML
  Rendering turatsinzes/index.html.erb within layouts/application
  [1m[36mTuratsinze Load (0.8ms)[0m  [1m[34mSELECT "turatsinzes".* FROM "turatsinzes"[0m
  ↳ app/views/turatsinzes/index.html.erb:15
  Rendered turatsinzes/index.html.erb within layouts/application (15.7ms)
Completed 200 OK in 4770ms (Views: 4679.7ms | ActiveRecord: 3.1ms)


Started GET "/turatsinzes/new" for 127.0.0.1 at 2019-01-30 13:45:00 -0800
Processing by TuratsinzesController#new as HTML
  Rendering turatsinzes/new.html.erb within layouts/application
  Rendered turatsinzes/_form.html.erb (352.1ms)
  Rendered turatsinzes/new.html.erb within layouts/application (430.9ms)
Completed 200 OK in 919ms (Views: 798.5ms | ActiveRecord: 4.6ms)


Started GET "/turatsinzes/new" for 127.0.0.1 at 2019-01-30 13:51:10 -0800
Processing by TuratsinzesController#new as HTML
  Rendering turatsinzes/new.html.erb within layouts/application
  Rendered turatsinzes/_form.html.erb (27.8ms)
  Rendered turatsinzes/new.html.erb within layouts/application (106.3ms)
Completed 200 OK in 603ms (Views: 522.9ms | ActiveRecord: 0.0ms)


Started GET "/turatsinzes" for 127.0.0.1 at 2019-01-30 13:51:19 -0800
Processing by TuratsinzesController#index as HTML
  Rendering turatsinzes/index.html.erb within layouts/application
  [1m[36mTuratsinze Load (1.0ms)[0m  [1m[34mSELECT "turatsinzes".* FROM "turatsinzes"[0m
  ↳ app/views/turatsinzes/index.html.erb:16
  Rendered turatsinzes/index.html.erb within layouts/application (26.8ms)
Completed 200 OK in 480ms (Views: 403.7ms | ActiveRecord: 3.6ms)


Started GET "/turatsinzes/new" for 127.0.0.1 at 2019-01-30 13:51:22 -0800
Processing by TuratsinzesController#new as HTML
  Rendering turatsinzes/new.html.erb within layouts/application
  Rendered turatsinzes/_form.html.erb (8.8ms)
  Rendered turatsinzes/new.html.erb within layouts/application (77.2ms)
Completed 200 OK in 605ms (Views: 533.3ms | ActiveRecord: 0.0ms)


Started GET "/turatsinzes" for 127.0.0.1 at 2019-01-30 13:51:26 -0800
Processing by TuratsinzesController#index as HTML
  Rendering turatsinzes/index.html.erb within layouts/application
  [1m[36mTuratsinze Load (0.7ms)[0m  [1m[34mSELECT "turatsinzes".* FROM "turatsinzes"[0m
  ↳ app/views/turatsinzes/index.html.erb:16
  Rendered turatsinzes/index.html.erb within layouts/application (10.4ms)
Completed 200 OK in 449ms (Views: 382.7ms | ActiveRecord: 0.7ms)


Started GET "/turatsinzes" for 127.0.0.1 at 2019-01-30 13:51:32 -0800
Processing by TuratsinzesController#index as HTML
  Rendering turatsinzes/index.html.erb within layouts/application
  [1m[36mTuratsinze Load (0.7ms)[0m  [1m[34mSELECT "turatsinzes".* FROM "turatsinzes"[0m
  ↳ app/views/turatsinzes/index.html.erb:16
  Rendered turatsinzes/index.html.erb within layouts/application (21.3ms)
Completed 200 OK in 473ms (Views: 410.9ms | ActiveRecord: 0.7ms)


Started GET "/turatsinzes" for 127.0.0.1 at 2019-01-30 13:54:07 -0800
Processing by TuratsinzesController#index as HTML
  Rendering turatsinzes/index.html.erb within layouts/application
  [1m[36mTuratsinze Load (1.3ms)[0m  [1m[34mSELECT "turatsinzes".* FROM "turatsinzes"[0m
  ↳ app/views/turatsinzes/index.html.erb:16
  Rendered turatsinzes/index.html.erb within layouts/application (11.1ms)
Completed 200 OK in 483ms (Views: 418.4ms | ActiveRecord: 1.3ms)


Started GET "/turatsinzes/new" for 127.0.0.1 at 2019-01-30 13:54:12 -0800
Processing by TuratsinzesController#new as HTML
  Rendering turatsinzes/new.html.erb within layouts/application
  Rendered turatsinzes/_form.html.erb (11.5ms)
  Rendered turatsinzes/new.html.erb within layouts/application (73.3ms)
Completed 200 OK in 554ms (Views: 486.6ms | ActiveRecord: 0.0ms)


Started GET "/turatsinzes" for 127.0.0.1 at 2019-01-30 13:54:20 -0800
Processing by TuratsinzesController#index as HTML
  Rendering turatsinzes/index.html.erb within layouts/application
  [1m[36mTuratsinze Load (0.8ms)[0m  [1m[34mSELECT "turatsinzes".* FROM "turatsinzes"[0m
  ↳ app/views/turatsinzes/index.html.erb:16
  Rendered turatsinzes/index.html.erb within layouts/application (23.1ms)
Completed 200 OK in 488ms (Views: 415.1ms | ActiveRecord: 3.2ms)


Started GET "/turatsinzes/new" for 127.0.0.1 at 2019-01-30 13:54:22 -0800
Processing by TuratsinzesController#new as HTML
  Rendering turatsinzes/new.html.erb within layouts/application
  Rendered turatsinzes/_form.html.erb (7.9ms)
  Rendered turatsinzes/new.html.erb within layouts/application (82.4ms)
Completed 200 OK in 572ms (Views: 496.8ms | ActiveRecord: 0.0ms)


Started GET "/" for 127.0.0.1 at 2019-01-30 14:09:14 -0800
Processing by Rails::WelcomeController#index as HTML
  Rendering C:/Ruby24-x64/lib/ruby/gems/2.4.0/gems/railties-5.2.2/lib/rails/templates/rails/welcome/index.html.erb
  Rendered C:/Ruby24-x64/lib/ruby/gems/2.4.0/gems/railties-5.2.2/lib/rails/templates/rails/welcome/index.html.erb (9.7ms)
Completed 200 OK in 277ms (Views: 160.1ms | ActiveRecord: 0.0ms)


Started GET "/peres" for 127.0.0.1 at 2019-01-30 14:10:01 -0800
  
ActionController::RoutingError (No route matches [GET] "/peres"):
  
actionpack (5.2.2) lib/action_dispatch/middleware/debug_exceptions.rb:65:in `call'
web-console (3.7.0) lib/web_console/middleware.rb:135:in `call_app'
web-console (3.7.0) lib/web_console/middleware.rb:30:in `block in call'
web-console (3.7.0) lib/web_console/middleware.rb:20:in `catch'
web-console (3.7.0) lib/web_console/middleware.rb:20:in `call'
actionpack (5.2.2) lib/action_dispatch/middleware/show_exceptions.rb:33:in `call'
railties (5.2.2) lib/rails/rack/logger.rb:38:in `call_app'
railties (5.2.2) lib/rails/rack/logger.rb:26:in `block in call'
activesupport (5.2.2) lib/active_support/tagged_logging.rb:71:in `block in tagged'
activesupport (5.2.2) lib/active_support/tagged_logging.rb:28:in `tagged'
activesupport (5.2.2) lib/active_support/tagged_logging.rb:71:in `tagged'
railties (5.2.2) lib/rails/rack/logger.rb:26:in `call'
sprockets-rails (3.2.1) lib/sprockets/rails/quiet_assets.rb:13:in `call'
actionpack (5.2.2) lib/action_dispatch/middleware/remote_ip.rb:81:in `call'
actionpack (5.2.2) lib/action_dispatch/middleware/request_id.rb:27:in `call'
rack (2.0.6) lib/rack/method_override.rb:22:in `call'
rack (2.0.6) lib/rack/runtime.rb:22:in `call'
activesupport (5.2.2) lib/active_support/cache/strategy/local_cache_middleware.rb:29:in `call'
actionpack (5.2.2) lib/action_dispatch/middleware/executor.rb:14:in `call'
actionpack (5.2.2) lib/action_dispatch/middleware/static.rb:127:in `call'
rack (2.0.6) lib/rack/sendfile.rb:111:in `call'
railties (5.2.2) lib/rails/engine.rb:524:in `call'
puma (3.12.0) lib/puma/configuration.rb:225:in `call'
puma (3.12.0) lib/puma/server.rb:658:in `handle_request'
puma (3.12.0) lib/puma/server.rb:472:in `process_client'
puma (3.12.0) lib/puma/server.rb:332:in `block in run'
puma (3.12.0) lib/puma/thread_pool.rb:133:in `block in spawn_thread'
Started GET "/" for 127.0.0.1 at 2019-01-30 14:17:51 -0800
Processing by Rails::WelcomeController#index as HTML
  Rendering C:/Ruby24-x64/lib/ruby/gems/2.4.0/gems/railties-5.2.2/lib/rails/templates/rails/welcome/index.html.erb
  Rendered C:/Ruby24-x64/lib/ruby/gems/2.4.0/gems/railties-5.2.2/lib/rails/templates/rails/welcome/index.html.erb (11.9ms)
Completed 200 OK in 252ms (Views: 121.9ms | ActiveRecord: 0.0ms)


Started GET "/patties" for 127.0.0.1 at 2019-01-30 14:18:04 -0800
  
ActionController::RoutingError (No route matches [GET] "/patties"):
  
actionpack (5.2.2) lib/action_dispatch/middleware/debug_exceptions.rb:65:in `call'
web-console (3.7.0) lib/web_console/middleware.rb:135:in `call_app'
web-console (3.7.0) lib/web_console/middleware.rb:30:in `block in call'
web-console (3.7.0) lib/web_console/middleware.rb:20:in `catch'
web-console (3.7.0) lib/web_console/middleware.rb:20:in `call'
actionpack (5.2.2) lib/action_dispatch/middleware/show_exceptions.rb:33:in `call'
railties (5.2.2) lib/rails/rack/logger.rb:38:in `call_app'
railties (5.2.2) lib/rails/rack/logger.rb:26:in `block in call'
activesupport (5.2.2) lib/active_support/tagged_logging.rb:71:in `block in tagged'
activesupport (5.2.2) lib/active_support/tagged_logging.rb:28:in `tagged'
activesupport (5.2.2) lib/active_support/tagged_logging.rb:71:in `tagged'
railties (5.2.2) lib/rails/rack/logger.rb:26:in `call'
sprockets-rails (3.2.1) lib/sprockets/rails/quiet_assets.rb:13:in `call'
actionpack (5.2.2) lib/action_dispatch/middleware/remote_ip.rb:81:in `call'
actionpack (5.2.2) lib/action_dispatch/middleware/request_id.rb:27:in `call'
rack (2.0.6) lib/rack/method_override.rb:22:in `call'
rack (2.0.6) lib/rack/runtime.rb:22:in `call'
activesupport (5.2.2) lib/active_support/cache/strategy/local_cache_middleware.rb:29:in `call'
actionpack (5.2.2) lib/action_dispatch/middleware/executor.rb:14:in `call'
actionpack (5.2.2) lib/action_dispatch/middleware/static.rb:127:in `call'
rack (2.0.6) lib/rack/sendfile.rb:111:in `call'
railties (5.2.2) lib/rails/engine.rb:524:in `call'
puma (3.12.0) lib/puma/configuration.rb:225:in `call'
puma (3.12.0) lib/puma/server.rb:658:in `handle_request'
puma (3.12.0) lib/puma/server.rb:472:in `process_client'
puma (3.12.0) lib/puma/server.rb:332:in `block in run'
puma (3.12.0) lib/puma/thread_pool.rb:133:in `block in spawn_thread'
Started POST "/turatsinzes" for 127.0.0.1 at 2019-01-30 14:20:17 -0800
Processing by TuratsinzesController#create as HTML
  Parameters: {"utf8"=>"✓", "authenticity_token"=>"xYulP+MAVInvZZv53aGkiGE6FgPG/Iup2+A3MULnXJyQkkKUzlPSQ0TiPe9pnlHKTtpP0n9Ik4XpkmoDWPjVkA==", "turatsinze"=>{"firstname"=>"junior", "lastname"=>"turatsinze"}, "commit"=>"Create Turatsinze"}
  [1m[35m (0.3ms)[0m  [1m[36mbegin transaction[0m
  ↳ app/controllers/turatsinzes_controller.rb:30
  [1m[36mTuratsinze Create (7.5ms)[0m  [1m[32mINSERT INTO "turatsinzes" ("firstname", "lastname", "created_at", "updated_at") VALUES (?, ?, ?, ?)[0m  [["firstname", "junior"], ["lastname", "turatsinze"], ["created_at", "2019-01-30 22:20:17.591674"], ["updated_at", "2019-01-30 22:20:17.591674"]]
  ↳ app/controllers/turatsinzes_controller.rb:30
  [1m[35m (146.7ms)[0m  [1m[36mcommit transaction[0m
  ↳ app/controllers/turatsinzes_controller.rb:30
Redirected to http://localhost:3000/turatsinzes/1
Completed 302 Found in 245ms (ActiveRecord: 154.5ms)


Started GET "/turatsinzes/1" for 127.0.0.1 at 2019-01-30 14:20:17 -0800
Processing by TuratsinzesController#show as HTML
  Parameters: {"id"=>"1"}
  [1m[36mTuratsinze Load (1.2ms)[0m  [1m[34mSELECT  "turatsinzes".* FROM "turatsinzes" WHERE "turatsinzes"."id" = ? LIMIT ?[0m  [["id", 1], ["LIMIT", 1]]
  ↳ app/controllers/turatsinzes_controller.rb:67
  Rendering turatsinzes/show.html.erb within layouts/application
  Rendered turatsinzes/show.html.erb within layouts/application (7.1ms)
Completed 200 OK in 628ms (Views: 484.7ms | ActiveRecord: 2.9ms)


Started GET "/turatsinzes" for 127.0.0.1 at 2019-01-30 14:20:29 -0800
Processing by TuratsinzesController#index as HTML
  Rendering turatsinzes/index.html.erb within layouts/application
  [1m[36mTuratsinze Load (0.8ms)[0m  [1m[34mSELECT "turatsinzes".* FROM "turatsinzes"[0m
  ↳ app/views/turatsinzes/index.html.erb:16
  Rendered turatsinzes/index.html.erb within layouts/application (136.4ms)
Completed 500 Internal Server Error in 397ms (ActiveRecord: 0.8ms)


  
ActionView::Template::Error (undefined method `operator' for #<Turatsinze:0x000000000b4c4b80>):
    16:     <% @turatsinzes.each do |turatsinze| %>
    17:       <tr>
    18:         <td><%= turatsinze.firstname %></td>
    19:         <td><%= turatsinze.operator%></td>
    20:         <td><%= turatsinze.lastname %></td>
    21:         <td><%= link_to 'Show', turatsinze %></td>
    22:         <td><%= link_to 'Edit', edit_turatsinze_path(turatsinze) %></td>
  
app/views/turatsinzes/index.html.erb:19:in `block in _app_views_turatsinzes_index_html_erb__696715795_94824500'
app/views/turatsinzes/index.html.erb:16:in `_app_views_turatsinzes_index_html_erb__696715795_94824500'
Started GET "/turatsinzes/1/edit" for 127.0.0.1 at 2019-01-30 14:21:27 -0800
Processing by TuratsinzesController#edit as HTML
  Parameters: {"id"=>"1"}
  [1m[36mTuratsinze Load (0.6ms)[0m  [1m[34mSELECT  "turatsinzes".* FROM "turatsinzes" WHERE "turatsinzes"."id" = ? LIMIT ?[0m  [["id", 1], ["LIMIT", 1]]
  ↳ app/controllers/turatsinzes_controller.rb:67
  Rendering turatsinzes/edit.html.erb within layouts/application
  Rendered turatsinzes/_form.html.erb (17.4ms)
  Rendered turatsinzes/edit.html.erb within layouts/application (91.6ms)
Completed 200 OK in 598ms (Views: 510.7ms | ActiveRecord: 0.6ms)


Started GET "/turatsinzes/1" for 127.0.0.1 at 2019-01-30 14:21:35 -0800
Processing by TuratsinzesController#show as HTML
  Parameters: {"id"=>"1"}
  [1m[36mTuratsinze Load (0.6ms)[0m  [1m[34mSELECT  "turatsinzes".* FROM "turatsinzes" WHERE "turatsinzes"."id" = ? LIMIT ?[0m  [["id", 1], ["LIMIT", 1]]
  ↳ app/controllers/turatsinzes_controller.rb:67
  Rendering turatsinzes/show.html.erb within layouts/application
  Rendered turatsinzes/show.html.erb within layouts/application (5.1ms)
Completed 200 OK in 518ms (Views: 426.0ms | ActiveRecord: 0.6ms)


Started GET "/turatsinzes/1/edit" for 127.0.0.1 at 2019-01-30 14:21:39 -0800
Processing by TuratsinzesController#edit as HTML
  Parameters: {"id"=>"1"}
  [1m[36mTuratsinze Load (0.8ms)[0m  [1m[34mSELECT  "turatsinzes".* FROM "turatsinzes" WHERE "turatsinzes"."id" = ? LIMIT ?[0m  [["id", 1], ["LIMIT", 1]]
  ↳ app/controllers/turatsinzes_controller.rb:67
  Rendering turatsinzes/edit.html.erb within layouts/application
  Rendered turatsinzes/_form.html.erb (8.6ms)
  Rendered turatsinzes/edit.html.erb within layouts/application (80.9ms)
Completed 200 OK in 591ms (Views: 501.9ms | ActiveRecord: 0.8ms)


Started PATCH "/turatsinzes/1" for 127.0.0.1 at 2019-01-30 14:21:42 -0800
Processing by TuratsinzesController#update as HTML
  Parameters: {"utf8"=>"✓", "authenticity_token"=>"5J7VFLtZZgS5aajvXN4uebA6obyPvNu5giNM+fdCyXaxhzK/lgrgzhLuDvno4ds7n9r4bTYIw5WwURHL7V1Aeg==", "turatsinze"=>{"firstname"=>"junior", "lastname"=>"turatsinze"}, "commit"=>"Update Turatsinze", "id"=>"1"}
  [1m[36mTuratsinze Load (1.3ms)[0m  [1m[34mSELECT  "turatsinzes".* FROM "turatsinzes" WHERE "turatsinzes"."id" = ? LIMIT ?[0m  [["id", 1], ["LIMIT", 1]]
  ↳ app/controllers/turatsinzes_controller.rb:67
  [1m[35m (0.2ms)[0m  [1m[36mbegin transaction[0m
  ↳ app/controllers/turatsinzes_controller.rb:44
  [1m[35m (0.5ms)[0m  [1m[36mcommit transaction[0m
  ↳ app/controllers/turatsinzes_controller.rb:44
Redirected to http://localhost:3000/turatsinzes/1
Completed 302 Found in 44ms (ActiveRecord: 2.1ms)


Started GET "/turatsinzes/1" for 127.0.0.1 at 2019-01-30 14:21:43 -0800
Processing by TuratsinzesController#show as HTML
  Parameters: {"id"=>"1"}
  [1m[36mTuratsinze Load (0.6ms)[0m  [1m[34mSELECT  "turatsinzes".* FROM "turatsinzes" WHERE "turatsinzes"."id" = ? LIMIT ?[0m  [["id", 1], ["LIMIT", 1]]
  ↳ app/controllers/turatsinzes_controller.rb:67
  Rendering turatsinzes/show.html.erb within layouts/application
  Rendered turatsinzes/show.html.erb within layouts/application (3.0ms)
Completed 200 OK in 514ms (Views: 424.8ms | ActiveRecord: 0.6ms)


Started GET "/turatsinzes/1/edit" for 127.0.0.1 at 2019-01-30 14:21:47 -0800
Processing by TuratsinzesController#edit as HTML
  Parameters: {"id"=>"1"}
  [1m[36mTuratsinze Load (0.6ms)[0m  [1m[34mSELECT  "turatsinzes".* FROM "turatsinzes" WHERE "turatsinzes"."id" = ? LIMIT ?[0m  [["id", 1], ["LIMIT", 1]]
  ↳ app/controllers/turatsinzes_controller.rb:67
  Rendering turatsinzes/edit.html.erb within layouts/application
  Rendered turatsinzes/_form.html.erb (10.5ms)
  Rendered turatsinzes/edit.html.erb within layouts/application (80.6ms)
Completed 200 OK in 618ms (Views: 530.7ms | ActiveRecord: 0.6ms)


Started GET "/turatsinzes" for 127.0.0.1 at 2019-01-30 14:25:32 -0800
Processing by TuratsinzesController#index as HTML
  Rendering turatsinzes/index.html.erb within layouts/application
  [1m[36mTuratsinze Load (1.3ms)[0m  [1m[34mSELECT "turatsinzes".* FROM "turatsinzes"[0m
  ↳ app/views/turatsinzes/index.html.erb:15
  Rendered turatsinzes/index.html.erb within layouts/application (24.7ms)
Completed 200 OK in 499ms (Views: 428.2ms | ActiveRecord: 1.3ms)


Started GET "/turatsinzes/1" for 127.0.0.1 at 2019-01-30 14:25:42 -0800
Processing by TuratsinzesController#show as HTML
  Parameters: {"id"=>"1"}
  [1m[36mTuratsinze Load (9.3ms)[0m  [1m[34mSELECT  "turatsinzes".* FROM "turatsinzes" WHERE "turatsinzes"."id" = ? LIMIT ?[0m  [["id", 1], ["LIMIT", 1]]
  ↳ app/controllers/turatsinzes_controller.rb:67
  Rendering turatsinzes/show.html.erb within layouts/application
  Rendered turatsinzes/show.html.erb within layouts/application (2.6ms)
Completed 200 OK in 501ms (Views: 393.5ms | ActiveRecord: 11.4ms)


Started GET "/turatsinzes" for 127.0.0.1 at 2019-01-30 14:25:48 -0800
Processing by TuratsinzesController#index as HTML
  Rendering turatsinzes/index.html.erb within layouts/application
  [1m[36mTuratsinze Load (1.1ms)[0m  [1m[34mSELECT "turatsinzes".* FROM "turatsinzes"[0m
  ↳ app/views/turatsinzes/index.html.erb:15
  Rendered turatsinzes/index.html.erb within layouts/application (14.2ms)
Completed 200 OK in 470ms (Views: 409.4ms | ActiveRecord: 1.1ms)


Started GET "/turatsinzes/new" for 127.0.0.1 at 2019-01-30 14:25:51 -0800
Processing by TuratsinzesController#new as HTML
  Rendering turatsinzes/new.html.erb within layouts/application
  Rendered turatsinzes/_form.html.erb (7.1ms)
  Rendered turatsinzes/new.html.erb within layouts/application (90.6ms)
Completed 200 OK in 561ms (Views: 490.3ms | ActiveRecord: 0.0ms)


Started GET "/turatsinzes/1/edit" for 127.0.0.1 at 2019-01-30 14:25:59 -0800
Processing by TuratsinzesController#edit as HTML
  Parameters: {"id"=>"1"}
  [1m[36mTuratsinze Load (0.8ms)[0m  [1m[34mSELECT  "turatsinzes".* FROM "turatsinzes" WHERE "turatsinzes"."id" = ? LIMIT ?[0m  [["id", 1], ["LIMIT", 1]]
  ↳ app/controllers/turatsinzes_controller.rb:67
  Rendering turatsinzes/edit.html.erb within layouts/application
  Rendered turatsinzes/_form.html.erb (9.5ms)
  Rendered turatsinzes/edit.html.erb within layouts/application (95.2ms)
Completed 200 OK in 633ms (Views: 538.6ms | ActiveRecord: 0.8ms)


Started GET "/turatsinzes" for 127.0.0.1 at 2019-01-30 22:48:00 -0800
Processing by TuratsinzesController#index as HTML
  Rendering turatsinzes/index.html.erb within layouts/application
  [1m[36mTuratsinze Load (15.9ms)[0m  [1m[34mSELECT "turatsinzes".* FROM "turatsinzes"[0m
  ↳ app/views/turatsinzes/index.html.erb:15
  Rendered turatsinzes/index.html.erb within layouts/application (490.1ms)
Completed 200 OK in 4501ms (Views: 4121.4ms | ActiveRecord: 32.3ms)


Started GET "/turatsinzes/new" for 127.0.0.1 at 2019-01-30 23:41:56 -0800
Processing by TuratsinzesController#new as HTML
  Rendering turatsinzes/new.html.erb within layouts/application
  Rendered turatsinzes/_form.html.erb (230.4ms)
  Rendered turatsinzes/new.html.erb within layouts/application (719.5ms)
Completed 200 OK in 3256ms (Views: 2784.1ms | ActiveRecord: 0.0ms)


